{"level":"info","message":"Hello from Aquisitions!","service":"acquisitions-api"}
{"level":"info","message":"::1 - - [22/Sep/2025:20:54:51 +0000] \"GET / HTTP/1.1\" 304 - \"-\" \"Mozilla/5.0 (Windows NT 10.0; Win64; x64) AppleWebKit/537.36 (KHTML, like Gecko) Chrome/141.0.0.0 Safari/537.36 Edg/141.0.0.0\"","service":"acquisitions-api"}
{"level":"info","message":"Hello from Aquisitions!","service":"acquisitions-api"}
{"level":"info","message":"::1 - - [22/Sep/2025:21:07:02 +0000] \"GET / HTTP/1.1\" 200 23 \"-\" \"PostmanRuntime/7.47.1\"","service":"acquisitions-api"}
{"level":"info","message":"::1 - - [22/Sep/2025:21:07:12 +0000] \"POST / HTTP/1.1\" 404 140 \"-\" \"PostmanRuntime/7.47.1\"","service":"acquisitions-api"}
{"level":"info","message":"::1 - - [22/Sep/2025:21:07:45 +0000] \"POST /api/auth/sign-up HTTP/1.1\" 200 31 \"-\" \"PostmanRuntime/7.47.1\"","service":"acquisitions-api"}
{"level":"info","message":"::1 - - [22/Sep/2025:21:08:04 +0000] \"POST /api/auth/sign-in HTTP/1.1\" 200 31 \"-\" \"PostmanRuntime/7.47.1\"","service":"acquisitions-api"}
{"level":"info","message":"Hello from Aquisitions!","service":"acquisitions-api"}
{"level":"info","message":"::1 - - [22/Sep/2025:21:08:32 +0000] \"GET / HTTP/1.1\" 200 23 \"-\" \"PostmanRuntime/7.47.1\"","service":"acquisitions-api"}
{"level":"info","message":"::1 - - [22/Sep/2025:21:08:54 +0000] \"POST /api/auth/sign-up HTTP/1.1\" 200 31 \"-\" \"PostmanRuntime/7.47.1\"","service":"acquisitions-api"}
{"level":"info","message":"::1 - - [22/Sep/2025:21:09:30 +0000] \"POST /api/auth/sign-in HTTP/1.1\" 200 31 \"-\" \"PostmanRuntime/7.47.1\"","service":"acquisitions-api"}
{"level":"info","message":"Hello from Aquisitions!","service":"acquisitions-api"}
{"level":"info","message":"::1 - - [23/Sep/2025:13:28:55 +0000] \"GET / HTTP/1.1\" 200 23 \"-\" \"PostmanRuntime/7.47.1\"","service":"acquisitions-api"}
{"level":"info","message":"::1 - - [23/Sep/2025:13:29:28 +0000] \"GET /api HTTP/1.1\" 200 40 \"-\" \"PostmanRuntime/7.47.1\"","service":"acquisitions-api"}
{"level":"info","message":"::1 - - [23/Sep/2025:13:29:59 +0000] \"GET /health HTTP/1.1\" 200 77 \"-\" \"PostmanRuntime/7.47.1\"","service":"acquisitions-api"}
{"level":"info","message":"::1 - - [23/Sep/2025:14:51:17 +0000] \"POST /api/auth/sign-in HTTP/1.1\" 400 92 \"-\" \"PostmanRuntime/7.47.1\"","service":"acquisitions-api"}
{"level":"info","message":"User registered successfully: Joe Clark","service":"acquisitions-api"}
{"level":"info","message":"::1 - - [23/Sep/2025:14:52:51 +0000] \"POST /api/auth/sign-in HTTP/1.1\" 201 120 \"-\" \"PostmanRuntime/7.47.1\"","service":"acquisitions-api"}
{"level":"info","message":"::1 - - [23/Sep/2025:15:21:51 +0000] \"POST /api/auth/sign-up HTTP/1.1\" 200 31 \"-\" \"PostmanRuntime/7.47.1\"","service":"acquisitions-api"}
{"level":"error","message":"Error creating user: TypeError: Cannot convert undefined or null to object","service":"acquisitions-api"}
{"level":"error","message":"Signup error Error creating user","service":"acquisitions-api","stack":"Error: Error creating user\n    at createUser (file:///D:/Code/acquisitions/src/services/auth.service.js:50:11)\n    at async signup (file:///D:/Code/acquisitions/src/controllers/auth.controller.js:20:18)"}
{"level":"info","message":"::1 - - [23/Sep/2025:15:22:53 +0000] \"POST /api/auth/sign-up HTTP/1.1\" 500 355 \"-\" \"PostmanRuntime/7.47.1\"","service":"acquisitions-api"}
{"level":"info","message":"User jxclark@gmail.com created successfully","service":"acquisitions-api"}
{"level":"error","message":"Signup error secretOrPrivateKey must have a value","service":"acquisitions-api","stack":"Error: secretOrPrivateKey must have a value\n    at module.exports [as sign] (D:\\Code\\acquisitions\\node_modules\\jsonwebtoken\\sign.js:111:20)\n    at signup (file:///D:/Code/acquisitions/src/controllers/auth.controller.js:27:28)\n    at process.processTicksAndRejections (node:internal/process/task_queues:105:5)"}
{"level":"info","message":"::1 - - [23/Sep/2025:15:33:24 +0000] \"POST /api/auth/sign-up HTTP/1.1\" 500 474 \"-\" \"PostmanRuntime/7.47.1\"","service":"acquisitions-api"}
{"level":"info","message":"User jxclark@gmail.com created successfully","service":"acquisitions-api"}
{"level":"info","message":"User registered successfully: Joe Clark","service":"acquisitions-api"}
{"level":"info","message":"::1 - - [23/Sep/2025:15:37:48 +0000] \"POST /api/auth/sign-up HTTP/1.1\" 201 120 \"-\" \"PostmanRuntime/7.47.1\"","service":"acquisitions-api"}
{"level":"error","message":"Error creating user: Error: Failed query: insert into \"users\" (\"id\", \"name\", \"email\", \"password\", \"role\", \"created_at\", \"updated_at\") values (default, $1, $2, $3, $4, default, default) returning \"id\", \"name\", \"email\", \"role\", \"created_at\"\nparams: Joe Clark,jxclark@gmail.com,$2b$10$yPQTkFjAprjryq81Wb2p/O8/cV5D2ARUVdVR4tn2hGhfnS9CzRsdK,admin","service":"acquisitions-api"}
{"level":"error","message":"Signup error Error creating user","service":"acquisitions-api","stack":"Error: Error creating user\n    at createUser (file:///D:/Code/acquisitions/src/services/auth.service.js:50:11)\n    at process.processTicksAndRejections (node:internal/process/task_queues:105:5)\n    at async signup (file:///D:/Code/acquisitions/src/controllers/auth.controller.js:20:18)"}
{"level":"info","message":"::1 - - [23/Sep/2025:15:43:17 +0000] \"POST /api/auth/sign-up HTTP/1.1\" 500 451 \"-\" \"PostmanRuntime/7.47.1\"","service":"acquisitions-api"}
{"level":"info","message":"User jxclark@gmail.com created successfully","service":"acquisitions-api"}
{"level":"info","message":"User registered successfully: Joe Clark","service":"acquisitions-api"}
{"level":"info","message":"::1 - - [23/Sep/2025:15:44:29 +0000] \"POST /api/auth/sign-up HTTP/1.1\" 201 120 \"-\" \"PostmanRuntime/7.47.1\"","service":"acquisitions-api"}
{"level":"info","message":"::1 - - [23/Sep/2025:17:56:59 +0000] \"POST /api/auth/sign-in HTTP/1.1\" 400 92 \"-\" \"PostmanRuntime/7.47.1\"","service":"acquisitions-api"}
{"level":"info","message":"User signed in successfully: jxclark@gmail.com","service":"acquisitions-api"}
{"level":"info","message":"::1 - - [23/Sep/2025:17:57:16 +0000] \"POST /api/auth/sign-in HTTP/1.1\" 200 119 \"-\" \"PostmanRuntime/7.47.1\"","service":"acquisitions-api"}
{"level":"info","message":"User signed out successfully","service":"acquisitions-api"}
{"level":"info","message":"::1 - - [23/Sep/2025:18:15:52 +0000] \"POST /api/auth/sign-out HTTP/1.1\" 200 42 \"-\" \"PostmanRuntime/7.47.1\"","service":"acquisitions-api"}
{"level":"info","message":"User signed in successfully: jxclark@gmail.com","service":"acquisitions-api"}
{"level":"info","message":"::1 - - [23/Sep/2025:18:16:36 +0000] \"POST /api/auth/sign-in HTTP/1.1\" 200 119 \"-\" \"PostmanRuntime/7.47.1\"","service":"acquisitions-api"}
{"level":"info","message":"User signed out successfully","service":"acquisitions-api"}
{"level":"info","message":"::1 - - [23/Sep/2025:18:16:47 +0000] \"POST /api/auth/sign-out HTTP/1.1\" 200 42 \"-\" \"PostmanRuntime/7.47.1\"","service":"acquisitions-api"}
